
  \{^_^}/ hi!

  Loading db.json
  Done

  Resources
  http://localhost:3000/species
  http://localhost:3000/characters

  Home
  http://localhost:3000

  Type s + enter at any time to create a snapshot of the database
  Watching...

  Error, can't read from stdin
  Creating a snapshot from the CLI won't be possible

  \{^_^}/ hi!

  Loading db.json
  Done

  Resources
  http://localhost:3000/species
  http://localhost:3000/characters

  Home
  http://localhost:3000

  Type s + enter at any time to create a snapshot of the database
  Watching...

  Error, can't read from stdin
  Creating a snapshot from the CLI won't be possible
